  0 File(s) copied
  Board.cpp
D:\Game_Jewel\src\Board.cpp(35,51): warning C4244: 'argument': conversion from 'size_t' to 'float', possible loss of data
D:\Game_Jewel\src\Board.cpp(35,48): warning C4244: 'argument': conversion from 'size_t' to 'float', possible loss of data
D:\Game_Jewel\src\Board.cpp(36,53): warning C4244: 'argument': conversion from 'size_t' to 'float', possible loss of data
D:\Game_Jewel\src\Board.cpp(36,50): warning C4244: 'argument': conversion from 'size_t' to 'float', possible loss of data
D:\Game_Jewel\src\Board.cpp(256,84): warning C4244: 'argument': conversion from 'int' to 'float', possible loss of data
D:\Game_Jewel\src\Board.cpp(256,78): warning C4244: 'argument': conversion from 'size_t' to 'float', possible loss of data
D:\Game_Jewel\src\Board.cpp(264,66): warning C4244: 'argument': conversion from 'size_t' to 'float', possible loss of data
D:\Game_Jewel\src\Board.cpp(286,80): warning C4244: 'argument': conversion from 'int' to 'float', possible loss of data
D:\Game_Jewel\src\Board.cpp(286,74): warning C4244: 'argument': conversion from 'size_t' to 'float', possible loss of data
D:\Game_Jewel\src\Board.cpp(294,66): warning C4244: 'argument': conversion from 'size_t' to 'float', possible loss of data
D:\Game_Jewel\src\Board.cpp(317,64): warning C4244: 'argument': conversion from 'int' to 'float', possible loss of data
D:\Game_Jewel\src\Board.cpp(317,58): warning C4244: 'argument': conversion from 'size_t' to 'float', possible loss of data
D:\Game_Jewel\src\Board.cpp(320,46): warning C4244: 'argument': conversion from 'size_t' to 'float', possible loss of data
D:\Game_Jewel\src\Board.cpp(345,53): warning C4244: 'argument': conversion from 'size_t' to 'float', possible loss of data
D:\Game_Jewel\src\Board.cpp(345,50): warning C4244: 'argument': conversion from 'size_t' to 'float', possible loss of data
D:\Game_Jewel\src\Board.cpp(370,53): warning C4244: 'argument': conversion from 'size_t' to 'float', possible loss of data
D:\Game_Jewel\src\Board.cpp(370,50): warning C4244: 'argument': conversion from 'size_t' to 'float', possible loss of data
D:\Game_Jewel\src\Board.cpp(383,53): warning C4244: 'argument': conversion from 'size_t' to 'float', possible loss of data
D:\Game_Jewel\src\Board.cpp(383,50): warning C4244: 'argument': conversion from 'size_t' to 'float', possible loss of data
  Game.vcxproj -> D:\Game_Jewel\Debug\Game.exe
