d:\freelance\cpp\cpp_graphics\test_temp\game\game\debug\vc143.pdb
d:\freelance\cpp\cpp_graphics\test_temp\game\game\debug\vc143.idb
d:\freelance\cpp\cpp_graphics\test_temp\game\game\debug\redjewel.obj
d:\freelance\cpp\cpp_graphics\test_temp\game\game\debug\randomnumbergenerator.obj
d:\freelance\cpp\cpp_graphics\test_temp\game\game\debug\pinkjewel.obj
d:\freelance\cpp\cpp_graphics\test_temp\game\game\debug\pausestate.obj
d:\freelance\cpp\cpp_graphics\test_temp\game\game\debug\move.obj
d:\freelance\cpp\cpp_graphics\test_temp\game\game\debug\mainmenustate.obj
d:\freelance\cpp\cpp_graphics\test_temp\game\game\debug\main.obj
d:\freelance\cpp\cpp_graphics\test_temp\game\game\debug\magnetability.obj
d:\freelance\cpp\cpp_graphics\test_temp\game\game\debug\loststate.obj
d:\freelance\cpp\cpp_graphics\test_temp\game\game\debug\jewel.obj
d:\freelance\cpp\cpp_graphics\test_temp\game\game\debug\greenjewel.obj
d:\freelance\cpp\cpp_graphics\test_temp\game\game\debug\gamestate.obj
d:\freelance\cpp\cpp_graphics\test_temp\game\game\debug\game.obj
d:\freelance\cpp\cpp_graphics\test_temp\game\game\debug\fistability.obj
d:\freelance\cpp\cpp_graphics\test_temp\game\game\debug\button.obj
d:\freelance\cpp\cpp_graphics\test_temp\game\game\debug\bombability.obj
d:\freelance\cpp\cpp_graphics\test_temp\game\game\debug\bluejewel.obj
d:\freelance\cpp\cpp_graphics\test_temp\game\game\debug\ability.obj
d:\freelance\cpp\cpp_graphics\test_temp\game\game\debug\yellowjewel.obj
d:\freelance\cpp\cpp_graphics\test_temp\game\game\debug\winstate.obj
d:\freelance\cpp\cpp_graphics\test_temp\game\game\debug\violetjewel.obj
d:\freelance\cpp\cpp_graphics\test_temp\game\game\debug\timer.obj
d:\freelance\cpp\cpp_graphics\test_temp\game\game\debug\tile.obj
d:\freelance\cpp\cpp_graphics\test_temp\game\game\debug\score.obj
d:\freelance\cpp\cpp_graphics\test_temp\game\game\debug\game.tlog\cl.command.1.tlog
d:\freelance\cpp\cpp_graphics\test_temp\game\game\debug\game.tlog\cl.read.1.tlog
d:\freelance\cpp\cpp_graphics\test_temp\game\game\debug\game.tlog\cl.write.1.tlog
